#
# A fatal error has been detected by the Java Runtime Environment:
#
#  EXCEPTION_ACCESS_VIOLATION (0xc0000005) at pc=0x00007ffc629c6c84, pid=15744, tid=20088
#
# JRE version: OpenJDK Runtime Environment (19.0.1+10) (build 19.0.1+10-21)
# Java VM: OpenJDK 64-Bit Server VM (19.0.1+10-21, mixed mode, sharing, tiered, compressed oops, compressed class ptrs, g1 gc, windows-amd64)
# Problematic frame:
# C  [jdwp.dll+0x26c84]
#
# No core dump will be written. Minidumps are not enabled by default on client versions of Windows
#
# If you would like to submit a bug report, please visit:
#   https://bugreport.java.com/bugreport/crash.jsp
# The crash happened outside the Java Virtual Machine in native code.
# See problematic frame for where to report the bug.
#

---------------  S U M M A R Y ------------

Command Line: -agentlib:jdwp=transport=dt_socket,address=127.0.0.1:61473,suspend=y,server=n --enable-preview -javaagent:C:\Users\saky-hp-n\AppData\Local\JetBrains\IdeaIC2022.2\captureAgent\debugger-agent.jar -Dfile.encoding=UTF-8 -Dsun.stdout.encoding=UTF-8 -Dsun.stderr.encoding=UTF-8 Main

Host: Intel(R) Core(TM) i3-8350K CPU @ 4.00GHz, 4 cores, 15G,  Windows 10 , 64 bit Build 19041 (10.0.19041.1889)
Time: Mon Oct 31 09:32:26 2022 Stindows 10 , 64 bit Build 19041 (10.0.19041.1889) elapsed time: 0.427174 seconds (0d 0h 0m 0s)

---------------  T H R E A D  ---------------

Current thread (0x000001734f9c5050):  JavaThread "main" [_thread_in_native, id=20088, stack(0x0000006978f00000,0x0000006979000000)]

Stack: [0x0000006978f00000,0x0000006979000000],  sp=0x0000006978ffe288,  free space=1016k
Native frames: (J=compiled Java code, j=interpreted, Vv=VM code, C=native code)
C  [jdwp.dll+0x26c84]

Java frames: (J=compiled Java code, j=interpreted, Vv=VM code)
j  jdk.internal.reflect.MethodHandleAccessorFactory.newFieldAccessor(Ljava/lang/reflect/Field;Z)Ljdk/internal/reflect/FieldAccessorImpl;+170 java.base@19.0.1
j  jdk.internal.reflect.ReflectionFactory.newFieldAccessor(Ljava/lang/reflect/Field;Z)Ljdk/internal/reflect/FieldAccessor;+82 java.base@19.0.1
j  java.lang.reflect.Field.acquireFieldAccessor()Ljdk/internal/reflect/FieldAccessor;+35 java.base@19.0.1
j  java.lang.reflect.Field.getFieldAccessor()Ljdk/internal/reflect/FieldAccessor;+14 java.base@19.0.1
j  java.lang.reflect.Field.getInt(Ljava/lang/Object;)I+18 java.base@19.0.1
j  org.lwjgl.system.APIUtil.apiClassTokens(Ljava/util/function/BiPredicate;Ljava/util/Map;[Ljava/lang/Class;)Ljava/util/Map;+104
j  org.lwjgl.glfw.GLFWErrorCallback$1.<init>(Ljava/io/PrintStream;)V+25
j  org.lwjgl.glfw.GLFWErrorCallback.createPrint(Ljava/io/PrintStream;)Lorg/lwjgl/glfw/GLFWErrorCallback;+5
j  Main.init()V+3
j  Main.run()V+15
j  Main.main([Ljava/lang/String;)V+14
v  ~StubRoutines::call_stub 0x000001735ee5100e

siginfo: EXCEPTION_ACCESS_VIOLATION (0xc0000005), reading address 0xffffffffffffffff


Registers:
RAX=0x0000017376cb3a80, RBX=0x0000017372595b40, RCX=0x000001734f9c5330, RDX=0x0000017372595b40
RSP=0x0000006978ffe288, RBP=0x0000000000000002, RSI=0x0000006978ffe330, RDI=0x000001734f9c5330
R8 =0x0000000000010002, R9 =0x0000000000000000, R10=0x00007ffc62a70000, R11=0x0000006978ffe258
R12=0x0000000000000007, R13=0x000001734f9af610, R14=0x00007ffc629d0300, R15=0x0000000000000000
RIP=0x00007ffc629c6c84, EFLAGS=0x0000000000010202


Register to memory mapping:

RIP=0x00007ffc629c6c84 jdwp.dll
RAX=0x0000017376cb3a80 points into unknown readable memory: 0x0000000000000000 | 00 00 00 00 00 00 00 00
RBX=0x0000017372595b40 points into unknown readable memory: 0x000000071080a4b0 | b0 a4 80 10 07 00 00 00
RCX=0x000001734f9c5330 points into unknown readable memory: 0x0000017376cb3a80 | 80 3a cb 76 73 01 00 00
RDX=0x0000017372595b40 points into unknown readable memory: 0x000000071080a4b0 | b0 a4 80 10 07 00 00 00
RSP=0x0000006978ffe288 is pointing into the stack for thread: 0x000001734f9c5050
RBP=0x0000000000000002 is an unknown value
RSI=0x0000006978ffe330 is pointing into the stack for thread: 0x000001734f9c5050
RDI=0x000001734f9c5330 points into unknown readable memory: 0x0000017376cb3a80 | 80 3a cb 76 73 01 00 00
R8 =0x0000000000010002 is an unknown value
R9 =0x0 is NULL
R10=0x00007ffc62a70000 VCRUNTIME140.dll
R11=0x0000006978ffe258 is pointing into the stack for thread: 0x000001734f9c5050
R12=0x0000000000000007 is an unknown value
R13=0x000001734f9af610 points into unknown readable memory: 0x00007ffc094a8ff0 | f0 8f 4a 09 fc 7f 00 00
R14=0x00007ffc629d0300 jdwp.dll
R15=0x0 is NULL


Top of Stack: (sp=0x0000006978ffe288)
0x0000006978ffe288:   00007ffc629b5bd1 0000017372595b40
0x0000006978ffe298:   0000006978ffe330 0000000000000000
0x0000006978ffe2a8:   0000000000000000 00007ffc0948ecd0
0x0000006978ffe2b8:   0000000000004e78 0000017372595b40
0x0000006978ffe2c8:   00007ffc629d0328 0000000000000000
0x0000006978ffe2d8:   00007ffc629b272f 0000017372595b40
0x0000006978ffe2e8:   0000000000000002 000001734f9c5330
0x0000006978ffe2f8:   0000017372595b48 0000003976bb0000
0x0000006978ffe308:   00007ffc08bd685f 0000000000000000
0x0000006978ffe318:   00000008001de828 0000006978ffe380
0x0000006978ffe328:   00007ffc08bda286 0000000000000007
0x0000006978ffe338:   0000017372595b40 0000000000000000
0x0000006978ffe348:   0000017372595b48 0000000000000000
0x0000006978ffe358:   0000000000000000 0000000000000000
0x0000006978ffe368:   0000000000000000 0000000000000000
0x0000006978ffe378:   0000000000000000 0000000000000000 

Instructions: (pc=0x00007ffc629c6c84)
0x00007ffc629c6b84:   05 d7 05 01 00 48 8b 03 48 8b d7 4d 8b 40 30 48
0x00007ffc629c6b94:   8b cb 48 8b 5c 24 30 48 83 c4 20 5f 48 ff a0 00
0x00007ffc629c6ba4:   01 00 00 cc 48 89 5c 24 08 57 48 83 ec 20 48 8b
0x00007ffc629c6bb4:   f9 e8 f2 ea ff ff 4c 8b 05 9f 05 01 00 48 8b d8
0x00007ffc629c6bc4:   41 f6 80 18 02 00 00 02 74 33 41 b8 21 06 00 00
0x00007ffc629c6bd4:   48 8d 15 8d bf 00 00 48 8d 0d 22 58 00 00 e8 89
0x00007ffc629c6be4:   41 ff ff 48 8d 15 ea 95 00 00 48 8d 0d 23 58 00
0x00007ffc629c6bf4:   00 e8 1e 42 ff ff 4c 8b 05 5f 05 01 00 48 8b 03
0x00007ffc629c6c04:   48 8b d7 4d 8b 40 38 48 8b cb 48 8b 5c 24 30 48
0x00007ffc629c6c14:   83 c4 20 5f 48 ff a0 00 01 00 00 cc 48 89 5c 24
0x00007ffc629c6c24:   08 57 48 83 ec 20 48 8b f9 e8 7a ea ff ff 48 8b
0x00007ffc629c6c34:   15 27 05 01 00 48 8b d8 f6 82 18 02 00 00 02 74
0x00007ffc629c6c44:   2c 41 b8 13 06 00 00 48 8d 15 16 bf 00 00 48 8d
0x00007ffc629c6c54:   0d ab 57 00 00 e8 12 41 ff ff 48 8d 15 8b 68 00
0x00007ffc629c6c64:   00 48 8d 0d ac 57 00 00 e8 a7 41 ff ff 48 8b 03
0x00007ffc629c6c74:   48 8b d7 48 8b cb 48 8b 5c 24 30 48 83 c4 20 5f
0x00007ffc629c6c84:   48 ff a0 50 07 00 00 cc 48 89 5c 24 08 48 89 74
0x00007ffc629c6c94:   24 10 48 89 7c 24 18 41 56 48 83 ec 20 4c 63 f2
0x00007ffc629c6ca4:   49 8b d8 48 8b d1 41 8b f9 48 8b cb 4d 8d 46 ff
0x00007ffc629c6cb4:   ff 15 b6 55 00 00 85 c0 75 3c 41 0f be 44 1e ff
0x00007ffc629c6cc4:   3b c7 75 32 49 03 de eb 10 0f be c8 ff 15 8a 55
0x00007ffc629c6cd4:   00 00 85 c0 74 09 48 ff c3 8a 03 84 c0 75 ea 80
0x00007ffc629c6ce4:   3b 3b 74 12 8b d7 48 8b cb e8 a0 4a 00 00 48 85
0x00007ffc629c6cf4:   c0 0f 94 c0 eb 02 32 c0 48 8b 5c 24 30 48 8b 74
0x00007ffc629c6d04:   24 38 48 8b 7c 24 40 48 83 c4 20 41 5e c3 cc cc
0x00007ffc629c6d14:   0f b6 d1 83 fa 1e 0f 87 83 00 00 00 74 7b 83 fa
0x00007ffc629c6d24:   07 77 41 74 39 83 ea 01 74 2e 83 ea 01 74 23 83
0x00007ffc629c6d34:   ea 01 74 18 83 ea 01 74 0d 83 fa 02 0f 85 8a 00
0x00007ffc629c6d44:   00 00 8d 42 03 c3 b8 04 00 00 00 c3 b8 03 00 00
0x00007ffc629c6d54:   00 c3 b8 02 00 00 00 c3 b8 01 00 00 00 c3 b8 06
0x00007ffc629c6d64:   00 00 00 c3 b8 08 00 00 00 2b d0 74 26 83 ea 01
0x00007ffc629c6d74:   0f 84 88 00 00 00 83 ea 01 74 12 b8 0a 00 00 00 


Stack slot to memory mapping:
stack at sp + 0 slots: 0x00007ffc629b5bd1 jdwp.dll
stack at sp + 1 slots: 0x0000017372595b40 points into unknown readable memory: 0x000000071080a4b0 | b0 a4 80 10 07 00 00 00
stack at sp + 2 slots: 0x0000006978ffe330 is pointing into the stack for thread: 0x000001734f9c5050
stack at sp + 3 slots: 0x0 is NULL
stack at sp + 4 slots: 0x0 is NULL
stack at sp + 5 slots: 0x00007ffc0948ecd0 jvm.dll
stack at sp + 6 slots: 0x0000000000004e78 is an unknown value
stack at sp + 7 slots: 0x0000017372595b40 points into unknown readable memory: 0x000000071080a4b0 | b0 a4 80 10 07 00 00 00


---------------  P R O C E S S  ---------------

Threads class SMR info:
_java_thread_list=0x0000017376a5d4d0, length=15, elements={
0x000001734f9c5050, 0x00000173725ac590, 0x00000173725ade20, 0x00000173725b3800,
0x00000173725b43a0, 0x00000173725b8ce0, 0x00000173725b9750, 0x00000173725be7f0,
0x00000173725e7870, 0x00000173725fff60, 0x00000173725804c0, 0x00000173769625a0,
0x0000017376967280, 0x0000017376962af0, 0x0000017376a47730
}

Java Threads: ( => current thread )
=>0x000001734f9c5050 JavaThread "main" [_thread_in_native, id=20088, stack(0x0000006978f00000,0x0000006979000000)]
  0x00000173725ac590 JavaThread "Reference Handler" daemon [_thread_blocked, id=5964, stack(0x0000006979600000,0x0000006979700000)]
  0x00000173725ade20 JavaThread "Finalizer" daemon [_thread_blocked, id=6312, stack(0x0000006979700000,0x0000006979800000)]
  0x00000173725b3800 JavaThread "Signal Dispatcher" daemon [_thread_blocked, id=11620, stack(0x0000006979800000,0x0000006979900000)]
  0x00000173725b43a0 JavaThread "Attach Listener" daemon [_thread_blocked, id=9792, stack(0x0000006979900000,0x0000006979a00000)]
  0x00000173725b8ce0 JavaThread "Service Thread" daemon [_thread_blocked, id=4908, stack(0x0000006979a00000,0x0000006979b00000)]
  0x00000173725b9750 JavaThread "Monitor Deflation Thread" daemon [_thread_blocked, id=12896, stack(0x0000006979b00000,0x0000006979c00000)]
  0x00000173725be7f0 JavaThread "C2 CompilerThread0" daemon [_thread_blocked, id=636, stack(0x0000006979c00000,0x0000006979d00000)]
  0x00000173725e7870 JavaThread "C1 CompilerThread0" daemon [_thread_blocked, id=15340, stack(0x0000006979d00000,0x0000006979e00000)]
  0x00000173725fff60 JavaThread "Sweeper thread" daemon [_thread_blocked, id=6268, stack(0x0000006979e00000,0x0000006979f00000)]
  0x00000173725804c0 JavaThread "Common-Cleaner" daemon [_thread_blocked, id=19188, stack(0x0000006979f00000,0x000000697a000000)]
  0x00000173769625a0 JavaThread "JDWP Transport Listener: dt_socket" daemon [_thread_blocked, id=8376, stack(0x000000697a000000,0x000000697a100000)]
  0x0000017376967280 JavaThread "JDWP Event Helper Thread" daemon [_thread_blocked, id=540, stack(0x000000697a100000,0x000000697a200000)]
  0x0000017376962af0 JavaThread "JDWP Command Reader" daemon [_thread_in_native, id=16184, stack(0x000000697a200000,0x000000697a300000)]
  0x0000017376a47730 JavaThread "Notification Thread" daemon [_thread_blocked, id=18856, stack(0x000000697a300000,0x000000697a400000)]

Other Threads:
  0x00000173725949d0 VMThread "VM Thread" [stack: 0x0000006979500000,0x0000006979600000] [id=12624]
  0x0000017376aef580 WatcherThread "VM Periodic Task Thread" [stack: 0x000000697a400000,0x000000697a500000] [id=10148]
  0x000001734f9df0b0 WorkerThread "GC Thread#0" [stack: 0x0000006979000000,0x0000006979100000] [id=5220]
  0x000001734fa48aa0 ConcurrentGCThread "G1 Main Marker" [stack: 0x0000006979100000,0x0000006979200000] [id=15404]
  0x000001734fa49740 WorkerThread "G1 Conc#0" [stack: 0x0000006979200000,0x0000006979300000] [id=17932]
  0x000001734fa8e600 ConcurrentGCThread "G1 Refine#0" [stack: 0x0000006979300000,0x0000006979400000] [id=19064]
  0x000001737244f390 ConcurrentGCThread "G1 Service" [stack: 0x0000006979400000,0x0000006979500000] [id=4388]

Threads with active compile tasks:

VM state: not at safepoint (normal execution)

VM Mutex/Monitor currently owned by a thread: None

Heap address: 0x0000000700a00000, size: 4086 MB, Compressed Oops mode: Zero based, Oop shift amount: 3

CDS archive(s) mapped at: [0x0000000800000000-0x0000000800c30000-0x0000000800c30000), size 12779520, SharedBaseAddress: 0x0000000800000000, ArchiveRelocationMode: 0.
Compressed class space mapped at: 0x0000000801000000-0x0000000841000000, reserved size: 1073741824
Narrow klass base: 0x0000000800000000, Narrow klass shift: 0, Narrow klass range: 0x100000000

GC Precious Log:
 CardTable entry size: 512
 Card Set container configuration: InlinePtr #cards 4 size 8 Array Of Cards #cards 16 size 48 Howl #buckets 8 coarsen threshold 3686 Howl Bitmap #cards 512 size 80 coarsen threshold 460 Card regions per heap region 1 cards per card region 4096
 CPUs: 4 total, 4 available
 Memory: 16339M
 Large Page Support: Disabled
 NUMA Support: Disabled
 Compressed Oops: Enabled (Zero based)
 Heap Region Size: 2M
 Heap Min Capacity: 8M
 Heap Initial Capacity: 256M
 Heap Max Capacity: 4086M
 Pre-touch: Disabled
 Parallel Workers: 4
 Concurrent Workers: 1
 Concurrent Refinement Workers: 4
 Periodic GC: Disabled

Heap:
 garbage-first heap   total 262144K, used 8192K [0x0000000700a00000, 0x0000000800000000)
  region size 2048K, 5 young (10240K), 0 survivors (0K)
 Metaspace       used 2289K, committed 2432K, reserved 1114112K
  class space    used 192K, committed 256K, reserved 1048576K

Heap Regions: E=young(eden), S=young(survivor), O=old, HS=humongous(starts), HC=humongous(continues), CS=collection set, F=free, OA=open archive, CA=closed archive, TAMS=top-at-mark-start (previous, next)
|   0|0x0000000700a00000, 0x0000000700a00000, 0x0000000700c00000|  0%| F|  |TAMS 0x0000000700a00000, 0x0000000700a00000| Untracked 
|   1|0x0000000700c00000, 0x0000000700c00000, 0x0000000700e00000|  0%| F|  |TAMS 0x0000000700c00000, 0x0000000700c00000| Untracked 
|   2|0x0000000700e00000, 0x0000000700e00000, 0x0000000701000000|  0%| F|  |TAMS 0x0000000700e00000, 0x0000000700e00000| Untracked 
|   3|0x0000000701000000, 0x0000000701000000, 0x0000000701200000|  0%| F|  |TAMS 0x0000000701000000, 0x0000000701000000| Untracked 
|   4|0x0000000701200000, 0x0000000701200000, 0x0000000701400000|  0%| F|  |TAMS 0x0000000701200000, 0x0000000701200000| Untracked 
|   5|0x0000000701400000, 0x0000000701400000, 0x0000000701600000|  0%| F|  |TAMS 0x0000000701400000, 0x0000000701400000| Untracked 
|   6|0x0000000701600000, 0x0000000701600000, 0x0000000701800000|  0%| F|  |TAMS 0x0000000701600000, 0x0000000701600000| Untracked 
|   7|0x0000000701800000, 0x0000000701800000, 0x0000000701a00000|  0%| F|  |TAMS 0x0000000701800000, 0x0000000701800000| Untracked 
|   8|0x0000000701a00000, 0x0000000701a00000, 0x0000000701c00000|  0%| F|  |TAMS 0x0000000701a00000, 0x0000000701a00000| Untracked 
|   9|0x0000000701c00000, 0x0000000701c00000, 0x0000000701e00000|  0%| F|  |TAMS 0x0000000701c00000, 0x0000000701c00000| Untracked 
|  10|0x0000000701e00000, 0x0000000701e00000, 0x0000000702000000|  0%| F|  |TAMS 0x0000000701e00000, 0x0000000701e00000| Untracked 
|  11|0x0000000702000000, 0x0000000702000000, 0x0000000702200000|  0%| F|  |TAMS 0x0000000702000000, 0x0000000702000000| Untracked 
|  12|0x0000000702200000, 0x0000000702200000, 0x0000000702400000|  0%| F|  |TAMS 0x0000000702200000, 0x0000000702200000| Untracked 
|  13|0x0000000702400000, 0x0000000702400000, 0x0000000702600000|  0%| F|  |TAMS 0x0000000702400000, 0x0000000702400000| Untracked 
|  14|0x0000000702600000, 0x0000000702600000, 0x0000000702800000|  0%| F|  |TAMS 0x0000000702600000, 0x0000000702600000| Untracked 
|  15|0x0000000702800000, 0x0000000702800000, 0x0000000702a00000|  0%| F|  |TAMS 0x0000000702800000, 0x0000000702800000| Untracked 
|  16|0x0000000702a00000, 0x0000000702a00000, 0x0000000702c00000|  0%| F|  |TAMS 0x0000000702a00000, 0x0000000702a00000| Untracked 
|  17|0x0000000702c00000, 0x0000000702c00000, 0x0000000702e00000|  0%| F|  |TAMS 0x0000000702c00000, 0x0000000702c00000| Untracked 
|  18|0x0000000702e00000, 0x0000000702e00000, 0x0000000703000000|  0%| F|  |TAMS 0x0000000702e00000, 0x0000000702e00000| Untracked 
|  19|0x0000000703000000, 0x0000000703000000, 0x0000000703200000|  0%| F|  |TAMS 0x0000000703000000, 0x0000000703000000| Untracked 
|  20|0x0000000703200000, 0x0000000703200000, 0x0000000703400000|  0%| F|  |TAMS 0x0000000703200000, 0x0000000703200000| Untracked 
|  21|0x0000000703400000, 0x0000000703400000, 0x0000000703600000|  0%| F|  |TAMS 0x0000000703400000, 0x0000000703400000| Untracked 
|  22|0x0000000703600000, 0x0000000703600000, 0x0000000703800000|  0%| F|  |TAMS 0x0000000703600000, 0x0000000703600000| Untracked 
|  23|0x0000000703800000, 0x0000000703800000, 0x0000000703a00000|  0%| F|  |TAMS 0x0000000703800000, 0x0000000703800000| Untracked 
|  24|0x0000000703a00000, 0x0000000703a00000, 0x0000000703c00000|  0%| F|  |TAMS 0x0000000703a00000, 0x0000000703a00000| Untracked 
|  25|0x0000000703c00000, 0x0000000703c00000, 0x0000000703e00000|  0%| F|  |TAMS 0x0000000703c00000, 0x0000000703c00000| Untracked 
|  26|0x0000000703e00000, 0x0000000703e00000, 0x0000000704000000|  0%| F|  |TAMS 0x0000000703e00000, 0x0000000703e00000| Untracked 
|  27|0x0000000704000000, 0x0000000704000000, 0x0000000704200000|  0%| F|  |TAMS 0x0000000704000000, 0x0000000704000000| Untracked 
|  28|0x0000000704200000, 0x0000000704200000, 0x0000000704400000|  0%| F|  |TAMS 0x0000000704200000, 0x0000000704200000| Untracked 
|  29|0x0000000704400000, 0x0000000704400000, 0x0000000704600000|  0%| F|  |TAMS 0x0000000704400000, 0x0000000704400000| Untracked 
|  30|0x0000000704600000, 0x0000000704600000, 0x0000000704800000|  0%| F|  |TAMS 0x0000000704600000, 0x0000000704600000| Untracked 
|  31|0x0000000704800000, 0x0000000704800000, 0x0000000704a00000|  0%| F|  |TAMS 0x0000000704800000, 0x0000000704800000| Untracked 
|  32|0x0000000704a00000, 0x0000000704a00000, 0x0000000704c00000|  0%| F|  |TAMS 0x0000000704a00000, 0x0000000704a00000| Untracked 
|  33|0x0000000704c00000, 0x0000000704c00000, 0x0000000704e00000|  0%| F|  |TAMS 0x0000000704c00000, 0x0000000704c00000| Untracked 
|  34|0x0000000704e00000, 0x0000000704e00000, 0x0000000705000000|  0%| F|  |TAMS 0x0000000704e00000, 0x0000000704e00000| Untracked 
|  35|0x0000000705000000, 0x0000000705000000, 0x0000000705200000|  0%| F|  |TAMS 0x0000000705000000, 0x0000000705000000| Untracked 
|  36|0x0000000705200000, 0x0000000705200000, 0x0000000705400000|  0%| F|  |TAMS 0x0000000705200000, 0x0000000705200000| Untracked 
|  37|0x0000000705400000, 0x0000000705400000, 0x0000000705600000|  0%| F|  |TAMS 0x0000000705400000, 0x0000000705400000| Untracked 
|  38|0x0000000705600000, 0x0000000705600000, 0x0000000705800000|  0%| F|  |TAMS 0x0000000705600000, 0x0000000705600000| Untracked 
|  39|0x0000000705800000, 0x0000000705800000, 0x0000000705a00000|  0%| F|  |TAMS 0x0000000705800000, 0x0000000705800000| Untracked 
|  40|0x0000000705a00000, 0x0000000705a00000, 0x0000000705c00000|  0%| F|  |TAMS 0x0000000705a00000, 0x0000000705a00000| Untracked 
|  41|0x0000000705c00000, 0x0000000705c00000, 0x0000000705e00000|  0%| F|  |TAMS 0x0000000705c00000, 0x0000000705c00000| Untracked 
|  42|0x0000000705e00000, 0x0000000705e00000, 0x0000000706000000|  0%| F|  |TAMS 0x0000000705e00000, 0x0000000705e00000| Untracked 
|  43|0x0000000706000000, 0x0000000706000000, 0x0000000706200000|  0%| F|  |TAMS 0x0000000706000000, 0x0000000706000000| Untracked 
|  44|0x0000000706200000, 0x0000000706200000, 0x0000000706400000|  0%| F|  |TAMS 0x0000000706200000, 0x0000000706200000| Untracked 
|  45|0x0000000706400000, 0x0000000706400000, 0x0000000706600000|  0%| F|  |TAMS 0x0000000706400000, 0x0000000706400000| Untracked 
|  46|0x0000000706600000, 0x0000000706600000, 0x0000000706800000|  0%| F|  |TAMS 0x0000000706600000, 0x0000000706600000| Untracked 
|  47|0x0000000706800000, 0x0000000706800000, 0x0000000706a00000|  0%| F|  |TAMS 0x0000000706800000, 0x0000000706800000| Untracked 
|  48|0x0000000706a00000, 0x0000000706a00000, 0x0000000706c00000|  0%| F|  |TAMS 0x0000000706a00000, 0x0000000706a00000| Untracked 
|  49|0x0000000706c00000, 0x0000000706c00000, 0x0000000706e00000|  0%| F|  |TAMS 0x0000000706c00000, 0x0000000706c00000| Untracked 
|  50|0x0000000706e00000, 0x0000000706e00000, 0x0000000707000000|  0%| F|  |TAMS 0x0000000706e00000, 0x0000000706e00000| Untracked 
|  51|0x0000000707000000, 0x0000000707000000, 0x0000000707200000|  0%| F|  |TAMS 0x0000000707000000, 0x0000000707000000| Untracked 
|  52|0x0000000707200000, 0x0000000707200000, 0x0000000707400000|  0%| F|  |TAMS 0x0000000707200000, 0x0000000707200000| Untracked 
|  53|0x0000000707400000, 0x0000000707400000, 0x0000000707600000|  0%| F|  |TAMS 0x0000000707400000, 0x0000000707400000| Untracked 
|  54|0x0000000707600000, 0x0000000707600000, 0x0000000707800000|  0%| F|  |TAMS 0x0000000707600000, 0x0000000707600000| Untracked 
|  55|0x0000000707800000, 0x0000000707800000, 0x0000000707a00000|  0%| F|  |TAMS 0x0000000707800000, 0x0000000707800000| Untracked 
|  56|0x0000000707a00000, 0x0000000707a00000, 0x0000000707c00000|  0%| F|  |TAMS 0x0000000707a00000, 0x0000000707a00000| Untracked 
|  57|0x0000000707c00000, 0x0000000707c00000, 0x0000000707e00000|  0%| F|  |TAMS 0x0000000707c00000, 0x0000000707c00000| Untracked 
|  58|0x0000000707e00000, 0x0000000707e00000, 0x0000000708000000|  0%| F|  |TAMS 0x0000000707e00000, 0x0000000707e00000| Untracked 
|  59|0x0000000708000000, 0x0000000708000000, 0x0000000708200000|  0%| F|  |TAMS 0x0000000708000000, 0x0000000708000000| Untracked 
|  60|0x0000000708200000, 0x0000000708200000, 0x0000000708400000|  0%| F|  |TAMS 0x0000000708200000, 0x0000000708200000| Untracked 
|  61|0x0000000708400000, 0x0000000708400000, 0x0000000708600000|  0%| F|  |TAMS 0x0000000708400000, 0x0000000708400000| Untracked 
|  62|0x0000000708600000, 0x0000000708600000, 0x0000000708800000|  0%| F|  |TAMS 0x0000000708600000, 0x0000000708600000| Untracked 
|  63|0x0000000708800000, 0x0000000708800000, 0x0000000708a00000|  0%| F|  |TAMS 0x0000000708800000, 0x0000000708800000| Untracked 
|  64|0x0000000708a00000, 0x0000000708a00000, 0x0000000708c00000|  0%| F|  |TAMS 0x0000000708a00000, 0x0000000708a00000| Untracked 
|  65|0x0000000708c00000, 0x0000000708c00000, 0x0000000708e00000|  0%| F|  |TAMS 0x0000000708c00000, 0x0000000708c00000| Untracked 
|  66|0x0000000708e00000, 0x0000000708e00000, 0x0000000709000000|  0%| F|  |TAMS 0x0000000708e00000, 0x0000000708e00000| Untracked 
|  67|0x0000000709000000, 0x0000000709000000, 0x0000000709200000|  0%| F|  |TAMS 0x0000000709000000, 0x0000000709000000| Untracked 
|  68|0x0000000709200000, 0x0000000709200000, 0x0000000709400000|  0%| F|  |TAMS 0x0000000709200000, 0x0000000709200000| Untracked 
|  69|0x0000000709400000, 0x0000000709400000, 0x0000000709600000|  0%| F|  |TAMS 0x0000000709400000, 0x0000000709400000| Untracked 
|  70|0x0000000709600000, 0x0000000709600000, 0x0000000709800000|  0%| F|  |TAMS 0x0000000709600000, 0x0000000709600000| Untracked 
|  71|0x0000000709800000, 0x0000000709800000, 0x0000000709a00000|  0%| F|  |TAMS 0x0000000709800000, 0x0000000709800000| Untracked 
|  72|0x0000000709a00000, 0x0000000709a00000, 0x0000000709c00000|  0%| F|  |TAMS 0x0000000709a00000, 0x0000000709a00000| Untracked 
|  73|0x0000000709c00000, 0x0000000709c00000, 0x0000000709e00000|  0%| F|  |TAMS 0x0000000709c00000, 0x0000000709c00000| Untracked 
|  74|0x0000000709e00000, 0x0000000709e00000, 0x000000070a000000|  0%| F|  |TAMS 0x0000000709e00000, 0x0000000709e00000| Untracked 
|  75|0x000000070a000000, 0x000000070a000000, 0x000000070a200000|  0%| F|  |TAMS 0x000000070a000000, 0x000000070a000000| Untracked 
|  76|0x000000070a200000, 0x000000070a200000, 0x000000070a400000|  0%| F|  |TAMS 0x000000070a200000, 0x000000070a200000| Untracked 
|  77|0x000000070a400000, 0x000000070a400000, 0x000000070a600000|  0%| F|  |TAMS 0x000000070a400000, 0x000000070a400000| Untracked 
|  78|0x000000070a600000, 0x000000070a600000, 0x000000070a800000|  0%| F|  |TAMS 0x000000070a600000, 0x000000070a600000| Untracked 
|  79|0x000000070a800000, 0x000000070a800000, 0x000000070aa00000|  0%| F|  |TAMS 0x000000070a800000, 0x000000070a800000| Untracked 
|  80|0x000000070aa00000, 0x000000070aa00000, 0x000000070ac00000|  0%| F|  |TAMS 0x000000070aa00000, 0x000000070aa00000| Untracked 
|  81|0x000000070ac00000, 0x000000070ac00000, 0x000000070ae00000|  0%| F|  |TAMS 0x000000070ac00000, 0x000000070ac00000| Untracked 
|  82|0x000000070ae00000, 0x000000070ae00000, 0x000000070b000000|  0%| F|  |TAMS 0x000000070ae00000, 0x000000070ae00000| Untracked 
|  83|0x000000070b000000, 0x000000070b000000, 0x000000070b200000|  0%| F|  |TAMS 0x000000070b000000, 0x000000070b000000| Untracked 
|  84|0x000000070b200000, 0x000000070b200000, 0x000000070b400000|  0%| F|  |TAMS 0x000000070b200000, 0x000000070b200000| Untracked 
|  85|0x000000070b400000, 0x000000070b400000, 0x000000070b600000|  0%| F|  |TAMS 0x000000070b400000, 0x000000070b400000| Untracked 
|  86|0x000000070b600000, 0x000000070b600000, 0x000000070b800000|  0%| F|  |TAMS 0x000000070b600000, 0x000000070b600000| Untracked 
|  87|0x000000070b800000, 0x000000070b800000, 0x000000070ba00000|  0%| F|  |TAMS 0x000000070b800000, 0x000000070b800000| Untracked 
|  88|0x000000070ba00000, 0x000000070ba00000, 0x000000070bc00000|  0%| F|  |TAMS 0x000000070ba00000, 0x000000070ba00000| Untracked 
|  89|0x000000070bc00000, 0x000000070bc00000, 0x000000070be00000|  0%| F|  |TAMS 0x000000070bc00000, 0x000000070bc00000| Untracked 
|  90|0x000000070be00000, 0x000000070be00000, 0x000000070c000000|  0%| F|  |TAMS 0x000000070be00000, 0x000000070be00000| Untracked 
|  91|0x000000070c000000, 0x000000070c000000, 0x000000070c200000|  0%| F|  |TAMS 0x000000070c000000, 0x000000070c000000| Untracked 
|  92|0x000000070c200000, 0x000000070c200000, 0x000000070c400000|  0%| F|  |TAMS 0x000000070c200000, 0x000000070c200000| Untracked 
|  93|0x000000070c400000, 0x000000070c400000, 0x000000070c600000|  0%| F|  |TAMS 0x000000070c400000, 0x000000070c400000| Untracked 
|  94|0x000000070c600000, 0x000000070c600000, 0x000000070c800000|  0%| F|  |TAMS 0x000000070c600000, 0x000000070c600000| Untracked 
|  95|0x000000070c800000, 0x000000070c800000, 0x000000070ca00000|  0%| F|  |TAMS 0x000000070c800000, 0x000000070c800000| Untracked 
|  96|0x000000070ca00000, 0x000000070ca00000, 0x000000070cc00000|  0%| F|  |TAMS 0x000000070ca00000, 0x000000070ca00000| Untracked 
|  97|0x000000070cc00000, 0x000000070cc00000, 0x000000070ce00000|  0%| F|  |TAMS 0x000000070cc00000, 0x000000070cc00000| Untracked 
|  98|0x000000070ce00000, 0x000000070ce00000, 0x000000070d000000|  0%| F|  |TAMS 0x000000070ce00000, 0x000000070ce00000| Untracked 
|  99|0x000000070d000000, 0x000000070d000000, 0x000000070d200000|  0%| F|  |TAMS 0x000000070d000000, 0x000000070d000000| Untracked 
| 100|0x000000070d200000, 0x000000070d200000, 0x000000070d400000|  0%| F|  |TAMS 0x000000070d200000, 0x000000070d200000| Untracked 
| 101|0x000000070d400000, 0x000000070d400000, 0x000000070d600000|  0%| F|  |TAMS 0x000000070d400000, 0x000000070d400000| Untracked 
| 102|0x000000070d600000, 0x000000070d600000, 0x000000070d800000|  0%| F|  |TAMS 0x000000070d600000, 0x000000070d600000| Untracked 
| 103|0x000000070d800000, 0x000000070d800000, 0x000000070da00000|  0%| F|  |TAMS 0x000000070d800000, 0x000000070d800000| Untracked 
| 104|0x000000070da00000, 0x000000070da00000, 0x000000070dc00000|  0%| F|  |TAMS 0x000000070da00000, 0x000000070da00000| Untracked 
| 105|0x000000070dc00000, 0x000000070dc00000, 0x000000070de00000|  0%| F|  |TAMS 0x000000070dc00000, 0x000000070dc00000| Untracked 
| 106|0x000000070de00000, 0x000000070de00000, 0x000000070e000000|  0%| F|  |TAMS 0x000000070de00000, 0x000000070de00000| Untracked 
| 107|0x000000070e000000, 0x000000070e000000, 0x000000070e200000|  0%| F|  |TAMS 0x000000070e000000, 0x000000070e000000| Untracked 
| 108|0x000000070e200000, 0x000000070e200000, 0x000000070e400000|  0%| F|  |TAMS 0x000000070e200000, 0x000000070e200000| Untracked 
| 109|0x000000070e400000, 0x000000070e400000, 0x000000070e600000|  0%| F|  |TAMS 0x000000070e400000, 0x000000070e400000| Untracked 
| 110|0x000000070e600000, 0x000000070e600000, 0x000000070e800000|  0%| F|  |TAMS 0x000000070e600000, 0x000000070e600000| Untracked 
| 111|0x000000070e800000, 0x000000070e800000, 0x000000070ea00000|  0%| F|  |TAMS 0x000000070e800000, 0x000000070e800000| Untracked 
| 112|0x000000070ea00000, 0x000000070ea00000, 0x000000070ec00000|  0%| F|  |TAMS 0x000000070ea00000, 0x000000070ea00000| Untracked 
| 113|0x000000070ec00000, 0x000000070ec00000, 0x000000070ee00000|  0%| F|  |TAMS 0x000000070ec00000, 0x000000070ec00000| Untracked 
| 114|0x000000070ee00000, 0x000000070ee00000, 0x000000070f000000|  0%| F|  |TAMS 0x000000070ee00000, 0x000000070ee00000| Untracked 
| 115|0x000000070f000000, 0x000000070f000000, 0x000000070f200000|  0%| F|  |TAMS 0x000000070f000000, 0x000000070f000000| Untracked 
| 116|0x000000070f200000, 0x000000070f200000, 0x000000070f400000|  0%| F|  |TAMS 0x000000070f200000, 0x000000070f200000| Untracked 
| 117|0x000000070f400000, 0x000000070f400000, 0x000000070f600000|  0%| F|  |TAMS 0x000000070f400000, 0x000000070f400000| Untracked 
| 118|0x000000070f600000, 0x000000070f600000, 0x000000070f800000|  0%| F|  |TAMS 0x000000070f600000, 0x000000070f600000| Untracked 
| 119|0x000000070f800000, 0x000000070f800000, 0x000000070fa00000|  0%| F|  |TAMS 0x000000070f800000, 0x000000070f800000| Untracked 
| 120|0x000000070fa00000, 0x000000070fa00000, 0x000000070fc00000|  0%| F|  |TAMS 0x000000070fa00000, 0x000000070fa00000| Untracked 
| 121|0x000000070fc00000, 0x000000070fc00000, 0x000000070fe00000|  0%| F|  |TAMS 0x000000070fc00000, 0x000000070fc00000| Untracked 
| 122|0x000000070fe00000, 0x000000070fe00000, 0x0000000710000000|  0%| F|  |TAMS 0x000000070fe00000, 0x000000070fe00000| Untracked 
| 123|0x0000000710000000, 0x00000007100ecd70, 0x0000000710200000| 46%| E|  |TAMS 0x0000000710000000, 0x0000000710000000| Complete 
| 124|0x0000000710200000, 0x0000000710400000, 0x0000000710400000|100%| E|CS|TAMS 0x0000000710200000, 0x0000000710200000| Complete 
| 125|0x0000000710400000, 0x0000000710600000, 0x0000000710600000|100%| E|CS|TAMS 0x0000000710400000, 0x0000000710400000| Complete 
| 126|0x0000000710600000, 0x0000000710800000, 0x0000000710800000|100%| E|CS|TAMS 0x0000000710600000, 0x0000000710600000| Complete 
| 127|0x0000000710800000, 0x0000000710a00000, 0x0000000710a00000|100%| E|CS|TAMS 0x0000000710800000, 0x0000000710800000| Complete 

Card table byte_map: [0x0000017367120000,0x0000017367920000] _byte_map_base: 0x000001736391b000

Marking Bits (Prev, Next): (CMBitMap*) 0x000001734fa38220, (CMBitMap*) 0x000001734fa38260
 Prev Bits: [0x0000017368120000, 0x000001736c0f8000)
 Next Bits: [0x000001736c100000, 0x00000173700d8000)

Polling page: 0x000001734d7d0000

Metaspace:

Usage:
  Non-class:      2.05 MB used.
      Class:    192.02 KB used.
       Both:      2.24 MB used.

Virtual space:
  Non-class space:       64.00 MB reserved,       2.12 MB (  3%) committed,  1 nodes.
      Class space:        1.00 GB reserved,     256.00 KB ( <1%) committed,  1 nodes.
             Both:        1.06 GB reserved,       2.38 MB ( <1%) committed. 

Chunk freelists:
   Non-Class:  3.25 MB
       Class:  3.63 MB
        Both:  6.88 MB

MaxMetaspaceSize: unlimited
CompressedClassSpaceSize: 1.00 GB
Initial GC threshold: 21.00 MB
Current GC threshold: 21.00 MB
CDS: on
MetaspaceReclaimPolicy: balanced
 - commit_granule_bytes: 65536.
 - commit_granule_words: 8192.
 - virtual_space_node_default_size: 8388608.
 - enlarge_chunks_in_place: 1.
 - new_chunks_are_fully_committed: 0.
 - uncommit_free_chunks: 1.
 - use_allocation_guard: 0.


Internal statistics:

num_allocs_failed_limit: 0.
num_arena_births: 92.
num_arena_deaths: 0.
num_vsnodes_births: 2.
num_vsnodes_deaths: 0.
num_space_committed: 38.
num_space_uncommitted: 0.
num_chunks_returned_to_freelist: 0.
num_chunks_taken_from_freelist: 141.
num_chunk_merges: 0.
num_chunk_splits: 90.
num_chunks_enlarged: 59.
num_inconsistent_stats: 0.

CodeHeap 'non-profiled nmethods': size=120000Kb used=193Kb max_used=193Kb free=119807Kb
 bounds [0x000001735f3f0000, 0x000001735f660000, 0x0000017366920000]
CodeHeap 'profiled nmethods': size=120000Kb used=885Kb max_used=885Kb free=119114Kb
 bounds [0x0000017357920000, 0x0000017357b90000, 0x000001735ee50000]
CodeHeap 'non-nmethods': size=5760Kb used=1476Kb max_used=1492Kb free=4283Kb
 bounds [0x000001735ee50000, 0x000001735f0c0000, 0x000001735f3f0000]
 total_blobs=1036 nmethods=595 adapters=351
 compilation: enabled
              stopped_count=0, restarted_count=0
 full_count=0

Compilation events (20 events):
Event: 0.416 Thread 0x00000173725e7870 nmethod 581 0x00000173579f7810 code [0x00000173579f79c0, 0x00000173579f7b98]
Event: 0.416 Thread 0x00000173725be7f0  583       4       java.lang.StringLatin1::indexOf (36 bytes)
Event: 0.416 Thread 0x00000173725e7870  584       3       java.lang.ref.SoftReference::get (29 bytes)
Event: 0.417 Thread 0x00000173725e7870 nmethod 584 0x00000173579f7c90 code [0x00000173579f7e40, 0x00000173579f8038]
Event: 0.417 Thread 0x00000173725be7f0 nmethod 583 0x000001735f41f810 code [0x000001735f41f9a0, 0x000001735f41fb78]
Event: 0.417 Thread 0x00000173725be7f0  585       4       java.lang.String::startsWith (138 bytes)
Event: 0.417 Thread 0x00000173725e7870  586       3       jdk.internal.ref.PhantomCleanable::<init> (49 bytes)
Event: 0.417 Thread 0x00000173725e7870 nmethod 586 0x00000173579f8110 code [0x00000173579f8380, 0x00000173579f8f18]
Event: 0.417 Thread 0x00000173725e7870  588       3       java.util.ArrayList::add (25 bytes)
Event: 0.418 Thread 0x00000173725e7870 nmethod 588 0x00000173579f9290 code [0x00000173579f9460, 0x00000173579f98c8]
Event: 0.418 Thread 0x00000173725e7870  589       3       java.util.ArrayList::add (23 bytes)
Event: 0.418 Thread 0x00000173725e7870 nmethod 589 0x00000173579f9a90 code [0x00000173579f9c60, 0x00000173579fa048]
Event: 0.418 Thread 0x00000173725e7870  587   !   3       jdk.internal.ref.PhantomCleanable::insert (53 bytes)
Event: 0.418 Thread 0x00000173725e7870 nmethod 587 0x00000173579fa210 code [0x00000173579fa3e0, 0x00000173579fa7b8]
Event: 0.418 Thread 0x00000173725e7870  590       3       jdk.internal.ref.CleanerFactory::cleaner (4 bytes)
Event: 0.418 Thread 0x00000173725e7870 nmethod 590 0x00000173579fa990 code [0x00000173579fab20, 0x00000173579fac38]
Event: 0.420 Thread 0x00000173725e7870  591       3       jdk.internal.jimage.ImageStringsReader::hashCode (33 bytes)
Event: 0.420 Thread 0x00000173725e7870 nmethod 591 0x00000173579fac90 code [0x00000173579fae40, 0x00000173579faff8]
Event: 0.420 Thread 0x00000173725e7870  592   !   3       java.nio.DirectIntBufferU::get (34 bytes)
Event: 0.421 Thread 0x00000173725be7f0 nmethod 585 0x000001735f41fc90 code [0x000001735f41fe20, 0x000001735f4201f8]

GC Heap History (0 events):
No events

Dll operation events (9 events):
Event: 0.128 Loaded shared library D:\JDK\bin\java.dll
Event: 0.129 Loaded shared library D:\JDK\bin\zip.dll
Event: 0.138 Loaded shared library D:\JDK\bin\jsvml.dll
Event: 0.220 Loaded shared library D:\JDK\bin\instrument.dll
Event: 0.242 Loaded shared library D:\JDK\bin\net.dll
Event: 0.243 Loaded shared library D:\JDK\bin\nio.dll
Event: 0.249 Loaded shared library D:\JDK\bin\zip.dll
Event: 0.313 Loaded shared library D:\JDK\bin\jimage.dll
Event: 0.337 Loaded shared library C:\Users\saky-hp-n\AppData\Local\Temp\lwjglsaky-hp-n\3.3.1-build-7\lwjgl.dll

Deoptimization events (20 events):
Event: 0.329 Thread 0x000001734f9c5050 DEOPT PACKING pc=0x000001735f410ea0 sp=0x0000006978ffb990
Event: 0.329 Thread 0x000001734f9c5050 DEOPT UNPACKING pc=0x000001735eeb7aa3 sp=0x0000006978ffb928 mode 2
Event: 0.344 Thread 0x000001734f9c5050 DEOPT PACKING pc=0x0000017357936e02 sp=0x0000006978ff8260
Event: 0.344 Thread 0x000001734f9c5050 DEOPT UNPACKING pc=0x000001735eeb8243 sp=0x0000006978ff7680 mode 0
Event: 0.353 Thread 0x000001734f9c5050 Uncommon trap: trap_request=0xffffffbe fr.pc=0x000001735f416e90 relative=0x00000000000005d0
Event: 0.353 Thread 0x000001734f9c5050 Uncommon trap: reason=profile_predicate action=maybe_recompile pc=0x000001735f416e90 method=jdk.internal.org.objectweb.asm.ByteVector.putUTF8(Ljava/lang/String;)Ljdk/internal/org/objectweb/asm/ByteVector; @ 79 c2
Event: 0.353 Thread 0x000001734f9c5050 DEOPT PACKING pc=0x000001735f416e90 sp=0x0000006978ffc880
Event: 0.353 Thread 0x000001734f9c5050 DEOPT UNPACKING pc=0x000001735eeb7aa3 sp=0x0000006978ffc800 mode 2
Event: 0.353 Thread 0x000001734f9c5050 Uncommon trap: trap_request=0xffffffbe fr.pc=0x000001735f416e90 relative=0x00000000000005d0
Event: 0.353 Thread 0x000001734f9c5050 Uncommon trap: reason=profile_predicate action=maybe_recompile pc=0x000001735f416e90 method=jdk.internal.org.objectweb.asm.ByteVector.putUTF8(Ljava/lang/String;)Ljdk/internal/org/objectweb/asm/ByteVector; @ 79 c2
Event: 0.353 Thread 0x000001734f9c5050 DEOPT PACKING pc=0x000001735f416e90 sp=0x0000006978ffc8f0
Event: 0.353 Thread 0x000001734f9c5050 DEOPT UNPACKING pc=0x000001735eeb7aa3 sp=0x0000006978ffc870 mode 2
Event: 0.353 Thread 0x000001734f9c5050 Uncommon trap: trap_request=0xffffffbe fr.pc=0x000001735f416e90 relative=0x00000000000005d0
Event: 0.353 Thread 0x000001734f9c5050 Uncommon trap: reason=profile_predicate action=maybe_recompile pc=0x000001735f416e90 method=jdk.internal.org.objectweb.asm.ByteVector.putUTF8(Ljava/lang/String;)Ljdk/internal/org/objectweb/asm/ByteVector; @ 79 c2
Event: 0.353 Thread 0x000001734f9c5050 DEOPT PACKING pc=0x000001735f416e90 sp=0x0000006978ffc8f0
Event: 0.353 Thread 0x000001734f9c5050 DEOPT UNPACKING pc=0x000001735eeb7aa3 sp=0x0000006978ffc870 mode 2
Event: 0.353 Thread 0x000001734f9c5050 Uncommon trap: trap_request=0xffffffbe fr.pc=0x000001735f416e90 relative=0x00000000000005d0
Event: 0.353 Thread 0x000001734f9c5050 Uncommon trap: reason=profile_predicate action=maybe_recompile pc=0x000001735f416e90 method=jdk.internal.org.objectweb.asm.ByteVector.putUTF8(Ljava/lang/String;)Ljdk/internal/org/objectweb/asm/ByteVector; @ 79 c2
Event: 0.353 Thread 0x000001734f9c5050 DEOPT PACKING pc=0x000001735f416e90 sp=0x0000006978ffc8d0
Event: 0.353 Thread 0x000001734f9c5050 DEOPT UNPACKING pc=0x000001735eeb7aa3 sp=0x0000006978ffc850 mode 2

Classes loaded (20 events):
Event: 0.408 Loading class org/lwjgl/glfw/GLFW
Event: 0.408 Loading class org/lwjgl/glfw/GLFW done
Event: 0.410 Loading class org/lwjgl/glfw/GLFWImage$Buffer
Event: 0.410 Loading class org/lwjgl/glfw/GLFWImage$Buffer done
Event: 0.410 Loading class org/lwjgl/system/StructBuffer
Event: 0.410 Loading class org/lwjgl/system/StructBuffer done
Event: 0.416 Loading class org/lwjgl/system/APIUtil$1
Event: 0.416 Loading class org/lwjgl/system/APIUtil$1 done
Event: 0.416 Loading class java/lang/NoSuchFieldError
Event: 0.416 Loading class java/lang/NoSuchFieldError done
Event: 0.416 Loading class org/lwjgl/system/windows/WindowsLibrary
Event: 0.416 Loading class org/lwjgl/system/windows/WindowsLibrary done
Event: 0.417 Loading class org/lwjgl/system/SharedLibrary$Default
Event: 0.417 Loading class org/lwjgl/system/SharedLibrary$Default done
Event: 0.418 Loading class org/lwjgl/system/windows/WinBase
Event: 0.418 Loading class org/lwjgl/system/windows/WinBase done
Event: 0.418 Loading class org/lwjgl/system/ThreadLocalUtil
Event: 0.418 Loading class org/lwjgl/system/ThreadLocalUtil done
Event: 0.420 Loading class jdk/internal/reflect/MethodHandleIntegerFieldAccessorImpl
Event: 0.420 Loading class jdk/internal/reflect/MethodHandleIntegerFieldAccessorImpl done

Classes unloaded (0 events):
No events

Classes redefined (0 events):
No events

Internal exceptions (20 events):
Event: 0.221 Thread 0x000001734f9c5050 Exception <a 'java/lang/NoSuchMethodError'{0x000000071062acc0}: 'void java.lang.invoke.DirectMethodHandle$Holder.invokeStatic(java.lang.Object, java.lang.Object, java.lang.Object)'> (0x000000071062acc0) 
thrown [s\open\src\hotspot\share\interpreter\linkResolver.cpp, line 774]
Event: 0.225 Thread 0x000001734f9c5050 Exception <a 'java/lang/NoSuchMethodError'{0x0000000710680c28}: 'java.lang.Object java.lang.invoke.Invokers$Holder.invokeExact_MT(java.lang.Object, java.lang.Object, java.lang.Object, java.lang.Object, java.lang.Object)'> (0x0000000710680c28) 
thrown [s\open\src\hotspot\share\interpreter\linkResolver.cpp, line 774]
Event: 0.288 Thread 0x000001734f9c5050 Exception <a 'java/lang/NoSuchMethodError'{0x000000071055aaa0}: 'java.lang.Object java.lang.invoke.DirectMethodHandle$Holder.invokeStaticInit(java.lang.Object)'> (0x000000071055aaa0) 
thrown [s\open\src\hotspot\share\interpreter\linkResolver.cpp, line 774]
Event: 0.298 Thread 0x000001734f9c5050 Exception <a 'java/lang/NoSuchMethodError'{0x00000007105cff10}: 'void java.lang.invoke.DirectMethodHandle$Holder.invokeStatic(java.lang.Object, java.lang.Object)'> (0x00000007105cff10) 
thrown [s\open\src\hotspot\share\interpreter\linkResolver.cpp, line 774]
Event: 0.299 Thread 0x000001734f9c5050 Exception <a 'java/lang/NoSuchMethodError'{0x00000007105da7d0}: 'void java.lang.System.load(java.lang.String, java.lang.Class)'> (0x00000007105da7d0) 
thrown [s\open\src\hotspot\share\interpreter\linkResolver.cpp, line 774]
Event: 0.299 Thread 0x000001734f9c5050 Exception <a 'java/lang/NoSuchMethodError'{0x00000007105db1d0}: 'void java.lang.invoke.DirectMethodHandle$Holder.invokeSpecial(java.lang.Object, java.lang.Object, java.lang.Object)'> (0x00000007105db1d0) 
thrown [s\open\src\hotspot\share\interpreter\linkResolver.cpp, line 774]
Event: 0.301 Thread 0x000001734f9c5050 Exception <a 'java/lang/NoSuchMethodError'{0x00000007105ef870}: 'java.lang.Object java.lang.invoke.DirectMethodHandle$Holder.invokeStatic(java.lang.Object, java.lang.Object, int)'> (0x00000007105ef870) 
thrown [s\open\src\hotspot\share\interpreter\linkResolver.cpp, line 774]
Event: 0.302 Thread 0x000001734f9c5050 Exception <a 'java/lang/NoSuchMethodError'{0x00000007105fb5f0}: 'void java.lang.invoke.DelegatingMethodHandle$Holder.delegate(java.lang.Object, java.lang.Object, int, java.lang.Object)'> (0x00000007105fb5f0) 
thrown [s\open\src\hotspot\share\interpreter\linkResolver.cpp, line 774]
Event: 0.303 Thread 0x000001734f9c5050 Exception <a 'java/lang/NoSuchMethodError'{0x00000007105ff5f0}: 'int java.lang.invoke.DirectMethodHandle$Holder.invokeSpecial(java.lang.Object, java.lang.Object, java.lang.Object)'> (0x00000007105ff5f0) 
thrown [s\open\src\hotspot\share\interpreter\linkResolver.cpp, line 774]
Event: 0.307 Thread 0x000001734f9c5050 Exception <a 'java/lang/NoSuchMethodError'{0x000000071021d0a8}: 'void java.lang.System.loadLibrary(java.lang.String, java.lang.Class)'> (0x000000071021d0a8) 
thrown [s\open\src\hotspot\share\interpreter\linkResolver.cpp, line 774]
Event: 0.335 Thread 0x000001734f9c5050 Exception <a 'sun/nio/fs/WindowsException'{0x00000007102efbe8}> (0x00000007102efbe8) 
thrown [s\open\src\hotspot\share\prims\jni.cpp, line 517]
Event: 0.335 Thread 0x000001734f9c5050 Exception <a 'sun/nio/fs/WindowsException'{0x00000007102f1240}> (0x00000007102f1240) 
thrown [s\open\src\hotspot\share\prims\jni.cpp, line 517]
Event: 0.346 Thread 0x000001734f9c5050 Exception <a 'java/lang/NoSuchMethodError'{0x000000071034d8b0}: 'int java.lang.invoke.DirectMethodHandle$Holder.invokeStaticInit(java.lang.Object, java.lang.Object, int, long)'> (0x000000071034d8b0) 
thrown [s\open\src\hotspot\share\interpreter\linkResolver.cpp, line 774]
Event: 0.347 Thread 0x000001734f9c5050 Exception <a 'java/lang/NoSuchMethodError'{0x0000000710353180}: 'java.lang.Object java.lang.invoke.DirectMethodHandle$Holder.newInvokeSpecial(java.lang.Object, java.lang.Object, int)'> (0x0000000710353180) 
thrown [s\open\src\hotspot\share\interpreter\linkResolver.cpp, line 774]
Event: 0.349 Thread 0x000001734f9c5050 Exception <a 'java/lang/NoSuchMethodError'{0x0000000710368e08}: 'int java.lang.invoke.DirectMethodHandle$Holder.invokeStaticInit(java.lang.Object, java.lang.Object, long, long)'> (0x0000000710368e08) 
thrown [s\open\src\hotspot\share\interpreter\linkResolver.cpp, line 774]
Event: 0.350 Thread 0x000001734f9c5050 Exception <a 'java/lang/NoSuchMethodError'{0x000000071036ef20}: 'java.lang.Object java.lang.invoke.DirectMethodHandle$Holder.newInvokeSpecial(java.lang.Object, java.lang.Object, long)'> (0x000000071036ef20) 
thrown [s\open\src\hotspot\share\interpreter\linkResolver.cpp, line 774]
Event: 0.350 Thread 0x000001734f9c5050 Exception <a 'java/lang/NoSuchMethodError'{0x0000000710372f80}: 'java.lang.Object java.lang.invoke.Invokers$Holder.linkToTargetMethod(java.lang.Object, long, java.lang.Object)'> (0x0000000710372f80) 
thrown [s\open\src\hotspot\share\interpreter\linkResolver.cpp, line 774]
Event: 0.351 Thread 0x000001734f9c5050 Exception <a 'java/lang/NoSuchMethodError'{0x000000071037a508}: 'int java.lang.invoke.DirectMethodHandle$Holder.invokeStaticInit(java.lang.Object, java.lang.Object, java.lang.Object, long)'> (0x000000071037a508) 
thrown [s\open\src\hotspot\share\interpreter\linkResolver.cpp, line 774]
Event: 0.415 Thread 0x000001734f9c5050 Exception <a 'sun/nio/fs/WindowsException'{0x0000000710098dc0}> (0x0000000710098dc0) 
thrown [s\open\src\hotspot\share\prims\jni.cpp, line 517]
Event: 0.415 Thread 0x000001734f9c5050 Exception <a 'sun/nio/fs/WindowsException'{0x0000000710099150}> (0x0000000710099150) 
thrown [s\open\src\hotspot\share\prims\jni.cpp, line 517]

VM Operations (14 events):
Event: 0.196 Executing VM operation: HandshakeAllThreads
Event: 0.196 Executing VM operation: HandshakeAllThreads done
Event: 0.207 Executing VM operation: ChangeBreakpoints
Event: 0.207 Executing VM operation: ChangeBreakpoints done
Event: 0.219 Executing VM operation: ChangeBreakpoints
Event: 0.219 Executing VM operation: ChangeBreakpoints done
Event: 0.219 Executing VM operation: ChangeBreakpoints
Event: 0.219 Executing VM operation: ChangeBreakpoints done
Event: 0.328 Executing VM operation: HandshakeAllThreads
Event: 0.328 Executing VM operation: HandshakeAllThreads done
Event: 0.335 Executing VM operation: HandshakeAllThreads
Event: 0.335 Executing VM operation: HandshakeAllThreads done
Event: 0.384 Executing VM operation: ChangeBreakpoints
Event: 0.385 Executing VM operation: ChangeBreakpoints done

Events (15 events):
Event: 0.139 Thread 0x000001734f9c5050 Thread added: 0x000001734f9c5050
Event: 0.154 Thread 0x00000173725ac590 Thread added: 0x00000173725ac590
Event: 0.154 Thread 0x00000173725ade20 Thread added: 0x00000173725ade20
Event: 0.155 Thread 0x00000173725b3800 Thread added: 0x00000173725b3800
Event: 0.155 Thread 0x00000173725b43a0 Thread added: 0x00000173725b43a0
Event: 0.155 Thread 0x00000173725b8ce0 Thread added: 0x00000173725b8ce0
Event: 0.155 Thread 0x00000173725b9750 Thread added: 0x00000173725b9750
Event: 0.155 Thread 0x00000173725be7f0 Thread added: 0x00000173725be7f0
Event: 0.155 Thread 0x00000173725e7870 Thread added: 0x00000173725e7870
Event: 0.156 Thread 0x00000173725fff60 Thread added: 0x00000173725fff60
Event: 0.190 Thread 0x00000173725804c0 Thread added: 0x00000173725804c0
Event: 0.207 Thread 0x00000173769625a0 Thread added: 0x00000173769625a0
Event: 0.207 Thread 0x0000017376967280 Thread added: 0x0000017376967280
Event: 0.207 Thread 0x0000017376962af0 Thread added: 0x0000017376962af0
Event: 0.231 Thread 0x0000017376a47730 Thread added: 0x0000017376a47730


Dynamic libraries:
0x00007ff638a90000 - 0x00007ff638a9e000 	D:\JDK\bin\java.exe
0x00007ffc6e5b0000 - 0x00007ffc6e7a8000 	C:\WINDOWS\SYSTEM32\ntdll.dll
0x00007ffc0f430000 - 0x00007ffc0f446000 	D:\Avast\aswhook.dll
0x00007ffc6e170000 - 0x00007ffc6e22d000 	C:\WINDOWS\System32\KERNEL32.DLL
0x00007ffc6be90000 - 0x00007ffc6c162000 	C:\WINDOWS\System32\KERNELBASE.dll
0x00007ffc6bd60000 - 0x00007ffc6be60000 	C:\WINDOWS\System32\ucrtbase.dll
0x00007ffc62a90000 - 0x00007ffc62aa7000 	D:\JDK\bin\jli.dll
0x00007ffc62a70000 - 0x00007ffc62a8b000 	D:\JDK\bin\VCRUNTIME140.dll
0x00007ffc6e240000 - 0x00007ffc6e3dd000 	C:\WINDOWS\System32\USER32.dll
0x00007ffc6be60000 - 0x00007ffc6be82000 	C:\WINDOWS\System32\win32u.dll
0x00007ffc6cc50000 - 0x00007ffc6cc7b000 	C:\WINDOWS\System32\GDI32.dll
0x00007ffc6c3e0000 - 0x00007ffc6c4ef000 	C:\WINDOWS\System32\gdi32full.dll
0x00007ffc6bcc0000 - 0x00007ffc6bd5d000 	C:\WINDOWS\System32\msvcp_win.dll
0x00007ffc5fd40000 - 0x00007ffc5ffda000 	C:\WINDOWS\WinSxS\amd64_microsoft.windows.common-controls_6595b64144ccf1df_6.0.19041.1110_none_60b5254171f9507e\COMCTL32.dll
0x00007ffc6cb50000 - 0x00007ffc6cbee000 	C:\WINDOWS\System32\msvcrt.dll
0x00007ffc6ca80000 - 0x00007ffc6cab0000 	C:\WINDOWS\System32\IMM32.DLL
0x00007ffc67790000 - 0x00007ffc6779c000 	D:\JDK\bin\vcruntime140_1.dll
0x00007ffc629e0000 - 0x00007ffc62a6e000 	D:\JDK\bin\msvcp140.dll
0x00007ffc08940000 - 0x00007ffc09600000 	D:\JDK\bin\server\jvm.dll
0x00007ffc6e4c0000 - 0x00007ffc6e56e000 	C:\WINDOWS\System32\ADVAPI32.dll
0x00007ffc6c610000 - 0x00007ffc6c6ac000 	C:\WINDOWS\System32\sechost.dll
0x00007ffc6d430000 - 0x00007ffc6d555000 	C:\WINDOWS\System32\RPCRT4.dll
0x00007ffc621e0000 - 0x00007ffc62207000 	C:\WINDOWS\SYSTEM32\WINMM.dll
0x00007ffc5f990000 - 0x00007ffc5f999000 	C:\WINDOWS\SYSTEM32\WSOCK32.dll
0x00007ffc6dac0000 - 0x00007ffc6db2b000 	C:\WINDOWS\System32\WS2_32.dll
0x00007ffc6aa00000 - 0x00007ffc6aa0a000 	C:\WINDOWS\SYSTEM32\VERSION.dll
0x00007ffc6a9c0000 - 0x00007ffc6a9d2000 	C:\WINDOWS\SYSTEM32\kernel.appcore.dll
0x00007ffc67720000 - 0x00007ffc6772a000 	D:\JDK\bin\jimage.dll
0x00007ffc63680000 - 0x00007ffc63864000 	C:\WINDOWS\SYSTEM32\DBGHELP.DLL
0x00007ffc64af0000 - 0x00007ffc64b1c000 	C:\WINDOWS\SYSTEM32\dbgcore.DLL
0x00007ffc6c1c0000 - 0x00007ffc6c242000 	C:\WINDOWS\System32\bcryptPrimitives.dll
0x00007ffc629a0000 - 0x00007ffc629dc000 	D:\JDK\bin\jdwp.dll
0x00007ffc62990000 - 0x00007ffc6299e000 	D:\JDK\bin\instrument.dll
0x00007ffc39810000 - 0x00007ffc39836000 	D:\JDK\bin\java.dll
0x00007ffc61940000 - 0x00007ffc61958000 	D:\JDK\bin\zip.dll
0x00007ffc2e4c0000 - 0x00007ffc2e597000 	D:\JDK\bin\jsvml.dll
0x00007ffc6cc80000 - 0x00007ffc6d3c3000 	C:\WINDOWS\System32\SHELL32.dll
0x00007ffc6a220000 - 0x00007ffc6a9b1000 	C:\WINDOWS\SYSTEM32\windows.storage.dll
0x00007ffc6d700000 - 0x00007ffc6da54000 	C:\WINDOWS\System32\combase.dll
0x00007ffc6b640000 - 0x00007ffc6b670000 	C:\WINDOWS\SYSTEM32\Wldp.dll
0x00007ffc6dfa0000 - 0x00007ffc6e04d000 	C:\WINDOWS\System32\SHCORE.dll
0x00007ffc6d3d0000 - 0x00007ffc6d425000 	C:\WINDOWS\System32\shlwapi.dll
0x00007ffc6bc00000 - 0x00007ffc6bc1f000 	C:\WINDOWS\SYSTEM32\profapi.dll
0x00007ffc62930000 - 0x00007ffc6293c000 	D:\JDK\bin\dt_socket.dll
0x00007ffc6b0c0000 - 0x00007ffc6b0fb000 	C:\WINDOWS\SYSTEM32\IPHLPAPI.DLL
0x00007ffc6b3b0000 - 0x00007ffc6b41a000 	C:\WINDOWS\system32\mswsock.dll
0x00007ffc50ff0000 - 0x00007ffc51003000 	D:\JDK\bin\net.dll
0x00007ffc65950000 - 0x00007ffc65a5d000 	C:\WINDOWS\SYSTEM32\WINHTTP.dll
0x00007ffc3e440000 - 0x00007ffc3e456000 	D:\JDK\bin\nio.dll
0x00007ffc396f0000 - 0x00007ffc39765000 	C:\Users\saky-hp-n\AppData\Local\Temp\lwjglsaky-hp-n\3.3.1-build-7\lwjgl.dll
0x00007ffc30a00000 - 0x00007ffc30a61000 	C:\Users\SAKY-H~1\AppData\Local\Temp\lwjglsaky-hp-n\3.3.1-build-7\glfw.dll

dbghelp: loaded successfully - version: 4.0.5 - missing functions: none
symbol engine: initialized successfully - sym options: 0x614 - pdb path: .;D:\JDK\bin;C:\WINDOWS\SYSTEM32;D:\Avast;C:\WINDOWS\WinSxS\amd64_microsoft.windows.common-controls_6595b64144ccf1df_6.0.19041.1110_none_60b5254171f9507e;D:\JDK\bin\server;C:\Users\saky-hp-n\AppData\Local\Temp\lwjglsaky-hp-n\3.3.1-build-7;C:\Users\SAKY-H~1\AppData\Local\Temp\lwjglsaky-hp-n\3.3.1-build-7

VM Arguments:
jvm_args: -agentlib:jdwp=transport=dt_socket,address=127.0.0.1:61473,suspend=y,server=n --enable-preview -javaagent:C:\Users\saky-hp-n\AppData\Local\JetBrains\IdeaIC2022.2\captureAgent\debugger-agent.jar -Dfile.encoding=UTF-8 -Dsun.stdout.encoding=UTF-8 -Dsun.stderr.encoding=UTF-8 
java_command: Main
java_class_path (initial): I:\saky-N\Plocha\kola\3. Univezita\4. rok (Ing.)\ZS\PGRF3\task1\PGRF3task1final\out\production\PGRF3task1final;I:\saky-N\Plocha\kola\3. Univezita\4. rok (Ing.)\ZS\PGRF3\OpenGL\lwjgl-release-3.3.1-custom\lwjgl-assimp-natives-windows.jar;I:\saky-N\Plocha\kola\3. Univezita\4. rok (Ing.)\ZS\PGRF3\OpenGL\lwjgl-release-3.3.1-custom\lwjgl-assimp.jar;I:\saky-N\Plocha\kola\3. Univezita\4. rok (Ing.)\ZS\PGRF3\OpenGL\lwjgl-release-3.3.1-custom\lwjgl-bgfx-natives-windows.jar;I:\saky-N\Plocha\kola\3. Univezita\4. rok (Ing.)\ZS\PGRF3\OpenGL\lwjgl-release-3.3.1-custom\lwjgl-bgfx.jar;I:\saky-N\Plocha\kola\3. Univezita\4. rok (Ing.)\ZS\PGRF3\OpenGL\lwjgl-release-3.3.1-custom\lwjgl-glfw-natives-windows.jar;I:\saky-N\Plocha\kola\3. Univezita\4. rok (Ing.)\ZS\PGRF3\OpenGL\lwjgl-release-3.3.1-custom\lwjgl-glfw.jar;I:\saky-N\Plocha\kola\3. Univezita\4. rok (Ing.)\ZS\PGRF3\OpenGL\lwjgl-release-3.3.1-custom\lwjgl-nanovg-natives-windows.jar;I:\saky-N\Plocha\kola\3. Univezita\4. rok (Ing.)\ZS\PGRF3\OpenGL\lwjgl-release-3.3.1-custom\lwjgl-nanovg.jar;I:\saky-N\Plocha\kola\3. Univezita\4. rok (Ing.)\ZS\PGRF3\OpenGL\lwjgl-release-3.3.1-custom\lwjgl-natives-windows.jar;I:\saky-N\Plocha\kola\3. Univezita\4. rok (Ing.)\ZS\PGRF3\OpenGL\lwjgl-release-3.3.1-custom\lwjgl-nuklear-natives-windows.jar;I:\saky-N\Plocha\kola\3. Univezita\4. rok (Ing.)\ZS\PGRF3\OpenGL\lwjgl-release-3.3.1-custom\lwjgl-nuklear.jar;I:\saky-N\Plocha\kola\3. Univezita\4. rok (Ing.)\ZS\PGRF3\OpenGL\lwjgl-release-3.3.1-custom\lwjgl-openal-natives-windows.jar;I:\saky-N\Plocha\kola\3. Univezita\4. rok (Ing.)\ZS\PGRF3\OpenGL\lwjgl-release-3.3.1-custom\lwjgl-openal.jar;I:\saky-N\Plocha\kola\3. Univezita\4. rok (Ing.)\ZS\PGRF3\OpenGL\lwjgl-release-3.3.1-custom\lwjgl-opengl-natives-windows.jar;I:\saky-N\Plocha\kola\3. Univezita\4. rok (Ing.)\ZS\PGRF3\OpenGL\lwjgl-release-3.3.1-custom\lwjgl-opengl.jar;I:\saky-N\Plocha\kola\3. Univezita\4. rok (Ing.)\ZS\PGRF3\OpenGL\lwjgl-release-3.3.1-custom\lwjgl-par-natives-windows.jar;I:\saky-N\Plocha\kola\3. Univezita\4. rok (Ing.)\ZS\PGRF3\OpenGL\lwjgl-release-3.3.1-custom\lwjgl-par.jar;I:\saky-N\Plocha\kola\3. Univezita\4. rok (Ing.)\ZS\PGRF3\OpenGL\lwjgl-release-3.3.1-custom\lwjgl-stb-natives-windows.jar;I:\saky-N\Plocha\kola\3. Univezita\4. rok (Ing.)\ZS\PGRF3\OpenGL\lwjgl-release-3.3.1-custom\lwjgl-stb.jar;I:\saky-N\Plocha\kola\3. Univezita\4. rok (Ing.)\ZS\PGRF3\OpenGL\lwjgl-release-3.3.1-custom\lwjgl-vulkan.jar;I:\saky-N\Plocha\kola\3. Univezita\4. rok (Ing.)\ZS\PGRF3\OpenGL\lwjgl-release-3.3.1-custom\lwjgl.jar;D:\Idea2022\IntelliJ IDEA Community Edition 2022.2.3\lib\idea_rt.jar
Launcher Type: SUN_STANDARD

[Global flags]
     intx CICompilerCount                          = 3                                         {product} {ergonomic}
     uint ConcGCThreads                            = 1                                         {product} {ergonomic}
     uint G1ConcRefinementThreads                  = 4                                         {product} {ergonomic}
   size_t G1HeapRegionSize                         = 2097152                                   {product} {ergonomic}
    uintx GCDrainStackTargetSize                   = 64                                        {product} {ergonomic}
   size_t InitialHeapSize                          = 268435456                                 {product} {ergonomic}
   size_t MarkStackSize                            = 4194304                                   {product} {ergonomic}
   size_t MaxHeapSize                              = 4284481536                                {product} {ergonomic}
   size_t MaxNewSize                               = 2569011200                                {product} {ergonomic}
   size_t MinHeapDeltaBytes                        = 2097152                                   {product} {ergonomic}
   size_t MinHeapSize                              = 8388608                                   {product} {ergonomic}
    uintx NonNMethodCodeHeapSize                   = 5832780                                {pd product} {ergonomic}
    uintx NonProfiledCodeHeapSize                  = 122912730                              {pd product} {ergonomic}
    uintx ProfiledCodeHeapSize                     = 122912730                              {pd product} {ergonomic}
    uintx ReservedCodeCacheSize                    = 251658240                              {pd product} {ergonomic}
     bool SegmentedCodeCache                       = true                                      {product} {ergonomic}
   size_t SoftMaxHeapSize                          = 4284481536                             {manageable} {ergonomic}
     bool UseCompressedClassPointers               = true                           {product lp64_product} {ergonomic}
     bool UseCompressedOops                        = true                           {product lp64_product} {ergonomic}
     bool UseG1GC                                  = true                                      {product} {ergonomic}
     bool UseLargePagesIndividualAllocation        = false                                  {pd product} {ergonomic}

Logging:
Log output configuration:
 #0: stdout all=warning uptime,level,tags foldmultilines=false
 #1: stderr all=off uptime,level,tags foldmultilines=false

Environment Variables:
PATH=E:\VMware\bin\;C:\Program Files\AdoptOpenJDK\jdk-11.0.5.10-hotspot\bin;C:\Program Files (x86)\Common Files\Oracle\Java\javapath;C:\ProgramData\Oracle\Java\javapath;C:\WINDOWS\system32;C:\WINDOWS;C:\WINDOWS\System32\Wbem;C:\WINDOWS\System32\WindowsPowerShell\v1.0\;C:\Program Files (x86)\ATI Technologies\ATI.ACE\Core-Static;C:\WINDOWS\System32\OpenSSH\;C:\Program Files\dotnet\;C:\Program Files\Microsoft SQL Server\130\Tools\Binn\;D:\Microsoft VS Code\bin;C:\Program Files\NVIDIA Corporation\NVIDIA NvDLISR;C:\Program Files (x86)\NVIDIA Corporation\PhysX\Common;C:\WINDOWS\system32;C:\WINDOWS;C:\WINDOWS\System32\Wbem;C:\WINDOWS\System32\WindowsPowerShell\v1.0\;C:\WINDOWS\System32\OpenSSH\;C:\Program Files\Docker\Docker\resources\bin;C:\Program Files\Git\cmd;C:\Users\saky-hp-n\AppData\Local\Microsoft\WindowsApps;F:\Visual Code Studio\Microsoft VS Code\bin;D:\Microsoft VS Code\bin;D:\Visual Code\Microsoft VS Code\bin;C:\Users\saky-hp-n\AppData\Local\GitHubDesktop\bin
USERNAME=saky-hp-n
OS=Windows_NT
PROCESSOR_IDENTIFIER=Intel64 Family 6 Model 158 Stepping 11, GenuineIntel
TMP=C:\Users\SAKY-H~1\AppData\Local\Temp
TEMP=C:\Users\SAKY-H~1\AppData\Local\Temp



---------------  S Y S T E M  ---------------

OS:
 Windows 10 , 64 bit Build 19041 (10.0.19041.1889)
OS uptime: 4 days 17:33 hours
Hyper-V role detected

CPU: total 4 (initial active 4) (4 cores per cpu, 1 threads per core) family 6 model 158 stepping 11 microcode 0xb4, cx8, cmov, fxsr, mmx, 3dnowpref, sse, sse2, sse3, ssse3, sse4.1, sse4.2, popcnt, lzcnt, tsc, tscinvbit, avx, avx2, aes, erms, clmul, bmi1, bmi2, adx, fma, vzeroupper, clflush, clflushopt, hv, rdtscp

Memory: 4k page, system-wide physical 16339M (7326M free)
TotalPageFile size 32723M (AvailPageFile size 19032M)
current process WorkingSet (physical memory assigned to process): 47M, peak: 47M
current process commit charge ("private bytes"): 341M, peak: 341M

vm_info: OpenJDK 64-Bit Server VM (19.0.1+10-21) for windows-amd64 JRE (19.0.1+10-21), built on 2022-09-14T12:45:06Z by "mach5one" with MS VC++ 17.1 (VS2022)

END.
